<?xml version="1.0" encoding="UTF-8"?>
<!-- Generated by org.testng.reporters.JUnitReportReporter -->
<testsuite skipped="0" hostname="DESKTOP-K2BIR38" name="com.agile.utility.OpenBrowser" tests="1" failures="0" timestamp="21 Feb 2018 18:20:27 GMT" time="13.368" errors="0">
  <testcase name="goToURL" time="13.368" classname="com.agile.utility.OpenBrowser"/>
</testsuite> <!-- com.agile.utility.OpenBrowser -->
