<?xml version="1.0" encoding="UTF-8"?>
<!-- Generated by org.testng.reporters.JUnitReportReporter -->
<testsuite skipped="0" hostname="DESKTOP-K2BIR38" name="com.agile.testng.SmokeTest" tests="1" failures="0" timestamp="25 Feb 2018 18:44:15 GMT" time="12.350" errors="0">
  <testcase name="positiveTest" time="12.350" classname="com.agile.testng.SmokeTest"/>
</testsuite> <!-- com.agile.testng.SmokeTest -->
