<?xml version="1.0" encoding="UTF-8"?>
<!-- Generated by org.testng.reporters.JUnitReportReporter -->
<testsuite skipped="0" hostname="DESKTOP-K2BIR38" name="com.agile.test.SmokeTest" tests="1" failures="0" timestamp="21 Feb 2018 19:10:38 GMT" time="13.092" errors="0">
  <testcase name="negativeCheckContactUs" time="13.092" classname="com.agile.test.SmokeTest"/>
</testsuite> <!-- com.agile.test.SmokeTest -->
